<?xml version="1.0" encoding="UTF-8"?>
<!-- Generated by org.testng.reporters.JUnitReportReporter -->
<testsuite hostname="HP-BLUE" failures="0" tests="3" name="files.DynamicJson" time="10.499" errors="0" timestamp="2020-07-10T10:18:29 CDT" skipped="0">
  <testcase classname="files.DynamicJson" name="addBook" time="0.900"/>
  <system-out/>
  <testcase classname="files.DynamicJson" name="addBook" time="8.716"/>
  <system-out/>
  <testcase classname="files.DynamicJson" name="addBook" time="0.883"/>
  <system-out/>
</testsuite> <!-- files.DynamicJson -->
