<?xml version="1.0" encoding="UTF-8"?>
<!-- Generated by org.testng.reporters.JUnitReportReporter -->
<testsuite hostname="HP-BLUE" failures="0" tests="1" name="files.StaticJson" time="9.810" errors="0" timestamp="2020-07-10T10:47:34 CDT" skipped="0">
  <testcase classname="files.StaticJson" name="addBook" time="9.810"/>
  <system-out/>
</testsuite> <!-- files.StaticJson -->
